app/build/intermediates/manifest_merge_blame_file/debug/manifest-merger-blame-debug-report.txt
1<?xml version="1.0" encoding="utf-8"?>
2<manifest xmlns:android="http://schemas.android.com/apk/res/android"
3    package="com.example.novigrad"
4    android:versionCode="1"
5    android:versionName="1.0" >
6
7    <uses-sdk
8        android:minSdkVersion="21"
8-->src\main\AndroidManifest.xml
9        android:targetSdkVersion="29" />
9-->src\main\AndroidManifest.xml
10
11    <!-- Although the *SdkVersion is captured in gradle build files, this is required for non gradle builds -->
12    <!-- <uses-sdk android:minSdkVersion="14" /> -->
13    <uses-permission android:name="android.permission.ACCESS_NETWORK_STATE" />
13-->[com.google.firebase:firebase-firestore:21.7.0] AndroidManifest.xml:13:5-79
13-->[com.google.firebase:firebase-firestore:21.7.0] AndroidManifest.xml:13:22-76
14    <uses-permission android:name="android.permission.INTERNET" />
14-->[com.google.firebase:firebase-firestore:21.7.0] AndroidManifest.xml:14:5-67
14-->[com.google.firebase:firebase-firestore:21.7.0] AndroidManifest.xml:14:22-64
15
16    <application
16-->src\main\AndroidManifest.xml:5:5-22:19
17        android:allowBackup="true"
17-->src\main\AndroidManifest.xml:6:9-35
18        android:appComponentFactory="androidx.core.app.CoreComponentFactory"
18-->[androidx.core:core:1.3.1] AndroidManifest.xml:24:18-86
19        android:debuggable="true"
20        android:icon="@mipmap/ic_launcher"
20-->src\main\AndroidManifest.xml:7:9-43
21        android:label="@string/app_name"
21-->src\main\AndroidManifest.xml:8:9-41
22        android:roundIcon="@mipmap/ic_launcher_round"
22-->src\main\AndroidManifest.xml:9:9-54
23        android:supportsRtl="true"
23-->src\main\AndroidManifest.xml:10:9-35
24        android:theme="@style/AppTheme" >
24-->src\main\AndroidManifest.xml:11:9-40
25        <activity android:name="com.example.novigrad.AdminActivity" />
25-->src\main\AndroidManifest.xml:12:9-60
25-->src\main\AndroidManifest.xml:12:19-48
26        <activity android:name="com.example.novigrad.RegisterActivity" />
26-->src\main\AndroidManifest.xml:13:9-54
26-->src\main\AndroidManifest.xml:13:19-51
27        <activity android:name="com.example.novigrad.LoginActivity" >
27-->src\main\AndroidManifest.xml:14:9-20:20
27-->src\main\AndroidManifest.xml:14:19-48
28            <intent-filter>
28-->src\main\AndroidManifest.xml:15:13-19:29
29                <action android:name="android.intent.action.MAIN" />
29-->src\main\AndroidManifest.xml:16:17-69
29-->src\main\AndroidManifest.xml:16:25-66
30
31                <category android:name="android.intent.category.LAUNCHER" />
31-->src\main\AndroidManifest.xml:18:17-77
31-->src\main\AndroidManifest.xml:18:27-74
32            </intent-filter>
33        </activity>
34        <activity android:name="com.example.novigrad.WelcomeActivity" />
34-->src\main\AndroidManifest.xml:21:9-53
34-->src\main\AndroidManifest.xml:21:19-50
35
36        <service
36-->[com.google.firebase:firebase-firestore:21.7.0] AndroidManifest.xml:17:9-23:19
37            android:name="com.google.firebase.components.ComponentDiscoveryService"
37-->[com.google.firebase:firebase-firestore:21.7.0] AndroidManifest.xml:18:13-84
38            android:directBootAware="true"
38-->[com.google.firebase:firebase-common:19.3.1] AndroidManifest.xml:35:13-43
39            android:exported="false" >
39-->[com.google.firebase:firebase-firestore:21.7.0] AndroidManifest.xml:19:13-37
40            <meta-data
40-->[com.google.firebase:firebase-firestore:21.7.0] AndroidManifest.xml:20:13-22:85
41                android:name="com.google.firebase.components:com.google.firebase.firestore.FirestoreRegistrar"
41-->[com.google.firebase:firebase-firestore:21.7.0] AndroidManifest.xml:21:17-111
42                android:value="com.google.firebase.components.ComponentRegistrar" />
42-->[com.google.firebase:firebase-firestore:21.7.0] AndroidManifest.xml:22:17-82
43            <meta-data
43-->[com.google.firebase:firebase-auth:19.4.0] AndroidManifest.xml:36:13-38:85
44                android:name="com.google.firebase.components:com.google.firebase.auth.FirebaseAuthRegistrar"
44-->[com.google.firebase:firebase-auth:19.4.0] AndroidManifest.xml:37:17-109
45                android:value="com.google.firebase.components.ComponentRegistrar" />
45-->[com.google.firebase:firebase-auth:19.4.0] AndroidManifest.xml:38:17-82
46        </service>
47
48        <activity
48-->[com.google.firebase:firebase-auth:19.4.0] AndroidManifest.xml:24:9-31:50
49            android:name="com.google.firebase.auth.internal.FederatedSignInActivity"
49-->[com.google.firebase:firebase-auth:19.4.0] AndroidManifest.xml:25:13-85
50            android:excludeFromRecents="true"
50-->[com.google.firebase:firebase-auth:19.4.0] AndroidManifest.xml:26:13-46
51            android:exported="true"
51-->[com.google.firebase:firebase-auth:19.4.0] AndroidManifest.xml:27:13-36
52            android:launchMode="singleTask"
52-->[com.google.firebase:firebase-auth:19.4.0] AndroidManifest.xml:28:13-44
53            android:permission="com.google.firebase.auth.api.gms.permission.LAUNCH_FEDERATED_SIGN_IN"
53-->[com.google.firebase:firebase-auth:19.4.0] AndroidManifest.xml:29:13-102
54            android:theme="@android:style/Theme.Translucent.NoTitleBar" />
54-->[com.google.firebase:firebase-auth:19.4.0] AndroidManifest.xml:30:13-72
55        <activity
55-->[com.google.android.gms:play-services-base:17.1.0] AndroidManifest.xml:23:9-26:75
56            android:name="com.google.android.gms.common.api.GoogleApiActivity"
56-->[com.google.android.gms:play-services-base:17.1.0] AndroidManifest.xml:24:13-79
57            android:exported="false"
57-->[com.google.android.gms:play-services-base:17.1.0] AndroidManifest.xml:25:13-37
58            android:theme="@android:style/Theme.Translucent.NoTitleBar" />
58-->[com.google.android.gms:play-services-base:17.1.0] AndroidManifest.xml:26:13-72
59
60        <provider
60-->[com.google.firebase:firebase-common:19.3.1] AndroidManifest.xml:26:9-31:39
61            android:name="com.google.firebase.provider.FirebaseInitProvider"
61-->[com.google.firebase:firebase-common:19.3.1] AndroidManifest.xml:27:13-77
62            android:authorities="com.example.novigrad.firebaseinitprovider"
62-->[com.google.firebase:firebase-common:19.3.1] AndroidManifest.xml:28:13-72
63            android:directBootAware="true"
63-->[com.google.firebase:firebase-common:19.3.1] AndroidManifest.xml:29:13-43
64            android:exported="false"
64-->[com.google.firebase:firebase-common:19.3.1] AndroidManifest.xml:30:13-37
65            android:initOrder="100" />
65-->[com.google.firebase:firebase-common:19.3.1] AndroidManifest.xml:31:13-36
66
67        <meta-data
67-->[com.google.android.gms:play-services-basement:17.0.0] AndroidManifest.xml:23:9-25:69
68            android:name="com.google.android.gms.version"
68-->[com.google.android.gms:play-services-basement:17.0.0] AndroidManifest.xml:24:13-58
69            android:value="@integer/google_play_services_version" />
69-->[com.google.android.gms:play-services-basement:17.0.0] AndroidManifest.xml:25:13-66
70
71        <provider
71-->[androidx.lifecycle:lifecycle-process:2.1.0] AndroidManifest.xml:23:9-27:43
72            android:name="androidx.lifecycle.ProcessLifecycleOwnerInitializer"
72-->[androidx.lifecycle:lifecycle-process:2.1.0] AndroidManifest.xml:24:13-79
73            android:authorities="com.example.novigrad.lifecycle-process"
73-->[androidx.lifecycle:lifecycle-process:2.1.0] AndroidManifest.xml:25:13-69
74            android:exported="false"
74-->[androidx.lifecycle:lifecycle-process:2.1.0] AndroidManifest.xml:26:13-37
75            android:multiprocess="true" />
75-->[androidx.lifecycle:lifecycle-process:2.1.0] AndroidManifest.xml:27:13-40
76    </application>
77
78</manifest>